Command: vcs -sverilog -l vcs.log -debug_acc+pp+dmptf +incdir+/remote/pviphome01/uvm-1.1c/src \
/remote/pviphome01/uvm-1.1c/src/uvm_pkg.sv /remote/pviphome01/uvm-1.1c/src/dpi/uvm_dpi.cc \
-CFLAGS -DVCS ../TOP/ahb_pkg.sv +incdir+../BRI +incdir+../MEM +incdir+../SQN +incdir+../ENV \
+incdir+../TEST ../TOP/top.sv +define+SVT_FSDB_ENABLE +define+WAVES_FSDB +define+WAVES=\"fsdb\" \
-P /global/apps/verdi_2020.03/verdi/Q-2020.03/share/PLI/VCS/LINUX/novas.tab /global/apps/verdi_2020.03/verdi/Q-2020.03/share/PLI/VCS/LINUX/pli.a \

                         Chronologic VCS (TM)
            Version Q-2020.03 -- Tue May 28 16:32:17 2024
               Copyright (c) 1991-2020 by Synopsys Inc.
                         ALL RIGHTS RESERVED

This program is proprietary and confidential information of Synopsys Inc.
and may be used and disclosed only as authorized in a license agreement
controlling such use and disclosure.

Parsing design file '/remote/pviphome01/uvm-1.1c/src/uvm_pkg.sv'
Parsing included file '/remote/pviphome01/uvm-1.1c/src/uvm_macros.svh'.
Parsing included file '/remote/pviphome01/uvm-1.1c/src/macros/uvm_version_defines.svh'.
Back to file '/remote/pviphome01/uvm-1.1c/src/uvm_macros.svh'.
Parsing included file '/remote/pviphome01/uvm-1.1c/src/macros/uvm_message_defines.svh'.
Back to file '/remote/pviphome01/uvm-1.1c/src/uvm_macros.svh'.
Parsing included file '/remote/pviphome01/uvm-1.1c/src/macros/uvm_phase_defines.svh'.
Back to file '/remote/pviphome01/uvm-1.1c/src/uvm_macros.svh'.
Parsing included file '/remote/pviphome01/uvm-1.1c/src/macros/uvm_object_defines.svh'.
Back to file '/remote/pviphome01/uvm-1.1c/src/uvm_macros.svh'.
Parsing included file '/remote/pviphome01/uvm-1.1c/src/macros/uvm_printer_defines.svh'.
Back to file '/remote/pviphome01/uvm-1.1c/src/uvm_macros.svh'.
Parsing included file '/remote/pviphome01/uvm-1.1c/src/macros/uvm_tlm_defines.svh'.
Parsing included file '/remote/pviphome01/uvm-1.1c/src/tlm1/uvm_tlm_imps.svh'.
Back to file '/remote/pviphome01/uvm-1.1c/src/macros/uvm_tlm_defines.svh'.
Back to file '/remote/pviphome01/uvm-1.1c/src/uvm_macros.svh'.
Parsing included file '/remote/pviphome01/uvm-1.1c/src/macros/uvm_sequence_defines.svh'.
Back to file '/remote/pviphome01/uvm-1.1c/src/uvm_macros.svh'.
Parsing included file '/remote/pviphome01/uvm-1.1c/src/macros/uvm_callback_defines.svh'.
Back to file '/remote/pviphome01/uvm-1.1c/src/uvm_macros.svh'.
Parsing included file '/remote/pviphome01/uvm-1.1c/src/macros/uvm_reg_defines.svh'.
Back to file '/remote/pviphome01/uvm-1.1c/src/uvm_macros.svh'.
Parsing included file '/remote/pviphome01/uvm-1.1c/src/macros/uvm_deprecated_defines.svh'.
Back to file '/remote/pviphome01/uvm-1.1c/src/uvm_macros.svh'.
Back to file '/remote/pviphome01/uvm-1.1c/src/uvm_pkg.sv'.
Parsing included file '/remote/pviphome01/uvm-1.1c/src/dpi/uvm_dpi.svh'.
Parsing included file '/remote/pviphome01/uvm-1.1c/src/dpi/uvm_hdl.svh'.
Back to file '/remote/pviphome01/uvm-1.1c/src/dpi/uvm_dpi.svh'.
Parsing included file '/remote/pviphome01/uvm-1.1c/src/dpi/uvm_svcmd_dpi.svh'.
Back to file '/remote/pviphome01/uvm-1.1c/src/dpi/uvm_dpi.svh'.
Parsing included file '/remote/pviphome01/uvm-1.1c/src/dpi/uvm_regex.svh'.
Back to file '/remote/pviphome01/uvm-1.1c/src/dpi/uvm_dpi.svh'.
Back to file '/remote/pviphome01/uvm-1.1c/src/uvm_pkg.sv'.
Parsing included file '/remote/pviphome01/uvm-1.1c/src/base/uvm_base.svh'.
Parsing included file '/remote/pviphome01/uvm-1.1c/src/base/uvm_version.svh'.
Back to file '/remote/pviphome01/uvm-1.1c/src/base/uvm_base.svh'.
Parsing included file '/remote/pviphome01/uvm-1.1c/src/base/uvm_object_globals.svh'.
Back to file '/remote/pviphome01/uvm-1.1c/src/base/uvm_base.svh'.
Parsing included file '/remote/pviphome01/uvm-1.1c/src/base/uvm_misc.svh'.
Back to file '/remote/pviphome01/uvm-1.1c/src/base/uvm_base.svh'.
Parsing included file '/remote/pviphome01/uvm-1.1c/src/deprecated/uvm_type_utils.svh'.
Back to file '/remote/pviphome01/uvm-1.1c/src/base/uvm_base.svh'.
Parsing included file '/remote/pviphome01/uvm-1.1c/src/base/uvm_object.svh'.
Back to file '/remote/pviphome01/uvm-1.1c/src/base/uvm_base.svh'.
Parsing included file '/remote/pviphome01/uvm-1.1c/src/base/uvm_pool.svh'.
Back to file '/remote/pviphome01/uvm-1.1c/src/base/uvm_base.svh'.
Parsing included file '/remote/pviphome01/uvm-1.1c/src/base/uvm_queue.svh'.
Back to file '/remote/pviphome01/uvm-1.1c/src/base/uvm_base.svh'.
Parsing included file '/remote/pviphome01/uvm-1.1c/src/base/uvm_factory.svh'.
Back to file '/remote/pviphome01/uvm-1.1c/src/base/uvm_base.svh'.
Parsing included file '/remote/pviphome01/uvm-1.1c/src/base/uvm_registry.svh'.
Back to file '/remote/pviphome01/uvm-1.1c/src/base/uvm_base.svh'.
Parsing included file '/remote/pviphome01/uvm-1.1c/src/base/uvm_spell_chkr.svh'.
Back to file '/remote/pviphome01/uvm-1.1c/src/base/uvm_base.svh'.
Parsing included file '/remote/pviphome01/uvm-1.1c/src/base/uvm_resource.svh'.
Back to file '/remote/pviphome01/uvm-1.1c/src/base/uvm_base.svh'.
Parsing included file '/remote/pviphome01/uvm-1.1c/src/deprecated/uvm_resource_converter.svh'.
Back to file '/remote/pviphome01/uvm-1.1c/src/base/uvm_base.svh'.
Parsing included file '/remote/pviphome01/uvm-1.1c/src/base/uvm_resource_specializations.svh'.
Back to file '/remote/pviphome01/uvm-1.1c/src/base/uvm_base.svh'.
Parsing included file '/remote/pviphome01/uvm-1.1c/src/base/uvm_resource_db.svh'.
Back to file '/remote/pviphome01/uvm-1.1c/src/base/uvm_base.svh'.
Parsing included file '/remote/pviphome01/uvm-1.1c/src/base/uvm_config_db.svh'.
Back to file '/remote/pviphome01/uvm-1.1c/src/base/uvm_base.svh'.
Parsing included file '/remote/pviphome01/uvm-1.1c/src/base/uvm_printer.svh'.
Back to file '/remote/pviphome01/uvm-1.1c/src/base/uvm_base.svh'.
Parsing included file '/remote/pviphome01/uvm-1.1c/src/base/uvm_comparer.svh'.
Back to file '/remote/pviphome01/uvm-1.1c/src/base/uvm_base.svh'.
Parsing included file '/remote/pviphome01/uvm-1.1c/src/base/uvm_packer.svh'.
Back to file '/remote/pviphome01/uvm-1.1c/src/base/uvm_base.svh'.
Parsing included file '/remote/pviphome01/uvm-1.1c/src/base/uvm_recorder.svh'.
Back to file '/remote/pviphome01/uvm-1.1c/src/base/uvm_base.svh'.
Parsing included file '/remote/pviphome01/uvm-1.1c/src/base/uvm_event_callback.svh'.
Back to file '/remote/pviphome01/uvm-1.1c/src/base/uvm_base.svh'.
Parsing included file '/remote/pviphome01/uvm-1.1c/src/base/uvm_event.svh'.
Back to file '/remote/pviphome01/uvm-1.1c/src/base/uvm_base.svh'.
Parsing included file '/remote/pviphome01/uvm-1.1c/src/base/uvm_barrier.svh'.
Back to file '/remote/pviphome01/uvm-1.1c/src/base/uvm_base.svh'.
Parsing included file '/remote/pviphome01/uvm-1.1c/src/base/uvm_callback.svh'.
Parsing included file '/remote/pviphome01/uvm-1.1c/src/uvm_macros.svh'.
Back to file '/remote/pviphome01/uvm-1.1c/src/base/uvm_callback.svh'.
Back to file '/remote/pviphome01/uvm-1.1c/src/base/uvm_base.svh'.
Parsing included file '/remote/pviphome01/uvm-1.1c/src/base/uvm_report_catcher.svh'.
Back to file '/remote/pviphome01/uvm-1.1c/src/base/uvm_base.svh'.
Parsing included file '/remote/pviphome01/uvm-1.1c/src/base/uvm_report_server.svh'.
Back to file '/remote/pviphome01/uvm-1.1c/src/base/uvm_base.svh'.
Parsing included file '/remote/pviphome01/uvm-1.1c/src/base/uvm_report_handler.svh'.
Back to file '/remote/pviphome01/uvm-1.1c/src/base/uvm_base.svh'.
Parsing included file '/remote/pviphome01/uvm-1.1c/src/base/uvm_report_object.svh'.
Back to file '/remote/pviphome01/uvm-1.1c/src/base/uvm_base.svh'.
Parsing included file '/remote/pviphome01/uvm-1.1c/src/base/uvm_transaction.svh'.
Back to file '/remote/pviphome01/uvm-1.1c/src/base/uvm_base.svh'.
Parsing included file '/remote/pviphome01/uvm-1.1c/src/base/uvm_phase.svh'.
Back to file '/remote/pviphome01/uvm-1.1c/src/base/uvm_base.svh'.
Parsing included file '/remote/pviphome01/uvm-1.1c/src/base/uvm_domain.svh'.
Back to file '/remote/pviphome01/uvm-1.1c/src/base/uvm_base.svh'.
Parsing included file '/remote/pviphome01/uvm-1.1c/src/base/uvm_bottomup_phase.svh'.
Back to file '/remote/pviphome01/uvm-1.1c/src/base/uvm_base.svh'.
Parsing included file '/remote/pviphome01/uvm-1.1c/src/base/uvm_topdown_phase.svh'.
Back to file '/remote/pviphome01/uvm-1.1c/src/base/uvm_base.svh'.
Parsing included file '/remote/pviphome01/uvm-1.1c/src/base/uvm_task_phase.svh'.
Back to file '/remote/pviphome01/uvm-1.1c/src/base/uvm_base.svh'.
Parsing included file '/remote/pviphome01/uvm-1.1c/src/base/uvm_common_phases.svh'.
Back to file '/remote/pviphome01/uvm-1.1c/src/base/uvm_base.svh'.
Parsing included file '/remote/pviphome01/uvm-1.1c/src/base/uvm_runtime_phases.svh'.
Back to file '/remote/pviphome01/uvm-1.1c/src/base/uvm_base.svh'.
Parsing included file '/remote/pviphome01/uvm-1.1c/src/base/uvm_component.svh'.
Parsing included file '/remote/pviphome01/uvm-1.1c/src/base/uvm_root.svh'.
Back to file '/remote/pviphome01/uvm-1.1c/src/base/uvm_component.svh'.
Back to file '/remote/pviphome01/uvm-1.1c/src/base/uvm_base.svh'.
Parsing included file '/remote/pviphome01/uvm-1.1c/src/base/uvm_objection.svh'.
Back to file '/remote/pviphome01/uvm-1.1c/src/base/uvm_base.svh'.
Parsing included file '/remote/pviphome01/uvm-1.1c/src/base/uvm_heartbeat.svh'.
Back to file '/remote/pviphome01/uvm-1.1c/src/base/uvm_base.svh'.
Parsing included file '/remote/pviphome01/uvm-1.1c/src/base/uvm_globals.svh'.
Back to file '/remote/pviphome01/uvm-1.1c/src/base/uvm_base.svh'.
Parsing included file '/remote/pviphome01/uvm-1.1c/src/base/uvm_cmdline_processor.svh'.
Back to file '/remote/pviphome01/uvm-1.1c/src/base/uvm_base.svh'.
Back to file '/remote/pviphome01/uvm-1.1c/src/uvm_pkg.sv'.
Parsing included file '/remote/pviphome01/uvm-1.1c/src/tlm1/uvm_tlm.svh'.
Parsing included file '/remote/pviphome01/uvm-1.1c/src/tlm1/uvm_tlm_ifs.svh'.
Back to file '/remote/pviphome01/uvm-1.1c/src/tlm1/uvm_tlm.svh'.
Parsing included file '/remote/pviphome01/uvm-1.1c/src/tlm1/uvm_sqr_ifs.svh'.
Back to file '/remote/pviphome01/uvm-1.1c/src/tlm1/uvm_tlm.svh'.
Parsing included file '/remote/pviphome01/uvm-1.1c/src/base/uvm_port_base.svh'.
Back to file '/remote/pviphome01/uvm-1.1c/src/tlm1/uvm_tlm.svh'.
Parsing included file '/remote/pviphome01/uvm-1.1c/src/tlm1/uvm_tlm_imps.svh'.
Back to file '/remote/pviphome01/uvm-1.1c/src/tlm1/uvm_tlm.svh'.
Parsing included file '/remote/pviphome01/uvm-1.1c/src/tlm1/uvm_imps.svh'.
Back to file '/remote/pviphome01/uvm-1.1c/src/tlm1/uvm_tlm.svh'.
Parsing included file '/remote/pviphome01/uvm-1.1c/src/tlm1/uvm_ports.svh'.
Back to file '/remote/pviphome01/uvm-1.1c/src/tlm1/uvm_tlm.svh'.
Parsing included file '/remote/pviphome01/uvm-1.1c/src/tlm1/uvm_exports.svh'.
Back to file '/remote/pviphome01/uvm-1.1c/src/tlm1/uvm_tlm.svh'.
Parsing included file '/remote/pviphome01/uvm-1.1c/src/tlm1/uvm_analysis_port.svh'.
Back to file '/remote/pviphome01/uvm-1.1c/src/tlm1/uvm_tlm.svh'.
Parsing included file '/remote/pviphome01/uvm-1.1c/src/tlm1/uvm_tlm_fifo_base.svh'.
Back to file '/remote/pviphome01/uvm-1.1c/src/tlm1/uvm_tlm.svh'.
Parsing included file '/remote/pviphome01/uvm-1.1c/src/tlm1/uvm_tlm_fifos.svh'.
Back to file '/remote/pviphome01/uvm-1.1c/src/tlm1/uvm_tlm.svh'.
Parsing included file '/remote/pviphome01/uvm-1.1c/src/tlm1/uvm_tlm_req_rsp.svh'.
Back to file '/remote/pviphome01/uvm-1.1c/src/tlm1/uvm_tlm.svh'.
Parsing included file '/remote/pviphome01/uvm-1.1c/src/tlm1/uvm_sqr_connections.svh'.
Back to file '/remote/pviphome01/uvm-1.1c/src/tlm1/uvm_tlm.svh'.
Back to file '/remote/pviphome01/uvm-1.1c/src/uvm_pkg.sv'.
Parsing included file '/remote/pviphome01/uvm-1.1c/src/comps/uvm_comps.svh'.
Parsing included file '/remote/pviphome01/uvm-1.1c/src/comps/uvm_pair.svh'.
Back to file '/remote/pviphome01/uvm-1.1c/src/comps/uvm_comps.svh'.
Parsing included file '/remote/pviphome01/uvm-1.1c/src/comps/uvm_policies.svh'.
Back to file '/remote/pviphome01/uvm-1.1c/src/comps/uvm_comps.svh'.
Parsing included file '/remote/pviphome01/uvm-1.1c/src/comps/uvm_in_order_comparator.svh'.
Back to file '/remote/pviphome01/uvm-1.1c/src/comps/uvm_comps.svh'.
Parsing included file '/remote/pviphome01/uvm-1.1c/src/comps/uvm_algorithmic_comparator.svh'.
Back to file '/remote/pviphome01/uvm-1.1c/src/comps/uvm_comps.svh'.
Parsing included file '/remote/pviphome01/uvm-1.1c/src/comps/uvm_random_stimulus.svh'.
Back to file '/remote/pviphome01/uvm-1.1c/src/comps/uvm_comps.svh'.
Parsing included file '/remote/pviphome01/uvm-1.1c/src/comps/uvm_subscriber.svh'.
Back to file '/remote/pviphome01/uvm-1.1c/src/comps/uvm_comps.svh'.
Parsing included file '/remote/pviphome01/uvm-1.1c/src/comps/uvm_monitor.svh'.
Back to file '/remote/pviphome01/uvm-1.1c/src/comps/uvm_comps.svh'.
Parsing included file '/remote/pviphome01/uvm-1.1c/src/comps/uvm_driver.svh'.
Back to file '/remote/pviphome01/uvm-1.1c/src/comps/uvm_comps.svh'.
Parsing included file '/remote/pviphome01/uvm-1.1c/src/comps/uvm_push_driver.svh'.
Back to file '/remote/pviphome01/uvm-1.1c/src/comps/uvm_comps.svh'.
Parsing included file '/remote/pviphome01/uvm-1.1c/src/comps/uvm_scoreboard.svh'.
Back to file '/remote/pviphome01/uvm-1.1c/src/comps/uvm_comps.svh'.
Parsing included file '/remote/pviphome01/uvm-1.1c/src/comps/uvm_agent.svh'.
Back to file '/remote/pviphome01/uvm-1.1c/src/comps/uvm_comps.svh'.
Parsing included file '/remote/pviphome01/uvm-1.1c/src/comps/uvm_env.svh'.
Back to file '/remote/pviphome01/uvm-1.1c/src/comps/uvm_comps.svh'.
Parsing included file '/remote/pviphome01/uvm-1.1c/src/comps/uvm_test.svh'.
Back to file '/remote/pviphome01/uvm-1.1c/src/comps/uvm_comps.svh'.
Back to file '/remote/pviphome01/uvm-1.1c/src/uvm_pkg.sv'.
Parsing included file '/remote/pviphome01/uvm-1.1c/src/seq/uvm_seq.svh'.
Parsing included file '/remote/pviphome01/uvm-1.1c/src/seq/uvm_sequence_item.svh'.
Back to file '/remote/pviphome01/uvm-1.1c/src/seq/uvm_seq.svh'.
Parsing included file '/remote/pviphome01/uvm-1.1c/src/seq/uvm_sequencer_base.svh'.
Back to file '/remote/pviphome01/uvm-1.1c/src/seq/uvm_seq.svh'.
Parsing included file '/remote/pviphome01/uvm-1.1c/src/seq/uvm_sequencer_analysis_fifo.svh'.
Back to file '/remote/pviphome01/uvm-1.1c/src/seq/uvm_seq.svh'.
Parsing included file '/remote/pviphome01/uvm-1.1c/src/seq/uvm_sequencer_param_base.svh'.
Back to file '/remote/pviphome01/uvm-1.1c/src/seq/uvm_seq.svh'.
Parsing included file '/remote/pviphome01/uvm-1.1c/src/seq/uvm_sequencer.svh'.
Back to file '/remote/pviphome01/uvm-1.1c/src/seq/uvm_seq.svh'.
Parsing included file '/remote/pviphome01/uvm-1.1c/src/seq/uvm_push_sequencer.svh'.
Back to file '/remote/pviphome01/uvm-1.1c/src/seq/uvm_seq.svh'.
Parsing included file '/remote/pviphome01/uvm-1.1c/src/seq/uvm_sequence_base.svh'.
Back to file '/remote/pviphome01/uvm-1.1c/src/seq/uvm_seq.svh'.
Parsing included file '/remote/pviphome01/uvm-1.1c/src/seq/uvm_sequence.svh'.
Back to file '/remote/pviphome01/uvm-1.1c/src/seq/uvm_seq.svh'.
Parsing included file '/remote/pviphome01/uvm-1.1c/src/seq/uvm_sequence_library.svh'.
Back to file '/remote/pviphome01/uvm-1.1c/src/seq/uvm_seq.svh'.
Parsing included file '/remote/pviphome01/uvm-1.1c/src/seq/uvm_sequence_builtin.svh'.
Back to file '/remote/pviphome01/uvm-1.1c/src/seq/uvm_seq.svh'.
Back to file '/remote/pviphome01/uvm-1.1c/src/uvm_pkg.sv'.
Parsing included file '/remote/pviphome01/uvm-1.1c/src/tlm2/uvm_tlm2.svh'.
Parsing included file '/remote/pviphome01/uvm-1.1c/src/tlm2/uvm_tlm2_defines.svh'.
Back to file '/remote/pviphome01/uvm-1.1c/src/tlm2/uvm_tlm2.svh'.
Parsing included file '/remote/pviphome01/uvm-1.1c/src/tlm2/uvm_tlm2_time.svh'.
Back to file '/remote/pviphome01/uvm-1.1c/src/tlm2/uvm_tlm2.svh'.
Parsing included file '/remote/pviphome01/uvm-1.1c/src/tlm2/uvm_tlm2_generic_payload.svh'.
Back to file '/remote/pviphome01/uvm-1.1c/src/tlm2/uvm_tlm2.svh'.
Parsing included file '/remote/pviphome01/uvm-1.1c/src/tlm2/uvm_tlm2_ifs.svh'.
Back to file '/remote/pviphome01/uvm-1.1c/src/tlm2/uvm_tlm2.svh'.
Parsing included file '/remote/pviphome01/uvm-1.1c/src/tlm2/uvm_tlm2_imps.svh'.
Back to file '/remote/pviphome01/uvm-1.1c/src/tlm2/uvm_tlm2.svh'.
Parsing included file '/remote/pviphome01/uvm-1.1c/src/tlm2/uvm_tlm2_ports.svh'.
Back to file '/remote/pviphome01/uvm-1.1c/src/tlm2/uvm_tlm2.svh'.
Parsing included file '/remote/pviphome01/uvm-1.1c/src/tlm2/uvm_tlm2_exports.svh'.
Back to file '/remote/pviphome01/uvm-1.1c/src/tlm2/uvm_tlm2.svh'.
Parsing included file '/remote/pviphome01/uvm-1.1c/src/tlm2/uvm_tlm2_sockets_base.svh'.
Back to file '/remote/pviphome01/uvm-1.1c/src/tlm2/uvm_tlm2.svh'.
Parsing included file '/remote/pviphome01/uvm-1.1c/src/tlm2/uvm_tlm2_sockets.svh'.
Back to file '/remote/pviphome01/uvm-1.1c/src/tlm2/uvm_tlm2.svh'.
Back to file '/remote/pviphome01/uvm-1.1c/src/uvm_pkg.sv'.
Parsing included file '/remote/pviphome01/uvm-1.1c/src/reg/uvm_reg_model.svh'.
Parsing included file '/remote/pviphome01/uvm-1.1c/src/reg/uvm_reg_item.svh'.
Back to file '/remote/pviphome01/uvm-1.1c/src/reg/uvm_reg_model.svh'.
Parsing included file '/remote/pviphome01/uvm-1.1c/src/reg/uvm_reg_adapter.svh'.
Back to file '/remote/pviphome01/uvm-1.1c/src/reg/uvm_reg_model.svh'.
Parsing included file '/remote/pviphome01/uvm-1.1c/src/reg/uvm_reg_predictor.svh'.
Back to file '/remote/pviphome01/uvm-1.1c/src/reg/uvm_reg_model.svh'.
Parsing included file '/remote/pviphome01/uvm-1.1c/src/reg/uvm_reg_sequence.svh'.
Back to file '/remote/pviphome01/uvm-1.1c/src/reg/uvm_reg_model.svh'.
Parsing included file '/remote/pviphome01/uvm-1.1c/src/reg/uvm_reg_cbs.svh'.
Back to file '/remote/pviphome01/uvm-1.1c/src/reg/uvm_reg_model.svh'.
Parsing included file '/remote/pviphome01/uvm-1.1c/src/reg/uvm_reg_backdoor.svh'.
Back to file '/remote/pviphome01/uvm-1.1c/src/reg/uvm_reg_model.svh'.
Parsing included file '/remote/pviphome01/uvm-1.1c/src/reg/uvm_reg_field.svh'.
Back to file '/remote/pviphome01/uvm-1.1c/src/reg/uvm_reg_model.svh'.
Parsing included file '/remote/pviphome01/uvm-1.1c/src/reg/uvm_vreg_field.svh'.
Back to file '/remote/pviphome01/uvm-1.1c/src/reg/uvm_reg_model.svh'.
Parsing included file '/remote/pviphome01/uvm-1.1c/src/reg/uvm_reg.svh'.
Back to file '/remote/pviphome01/uvm-1.1c/src/reg/uvm_reg_model.svh'.
Parsing included file '/remote/pviphome01/uvm-1.1c/src/reg/uvm_reg_indirect.svh'.
Back to file '/remote/pviphome01/uvm-1.1c/src/reg/uvm_reg_model.svh'.
Parsing included file '/remote/pviphome01/uvm-1.1c/src/reg/uvm_reg_fifo.svh'.
Back to file '/remote/pviphome01/uvm-1.1c/src/reg/uvm_reg_model.svh'.
Parsing included file '/remote/pviphome01/uvm-1.1c/src/reg/uvm_reg_file.svh'.
Back to file '/remote/pviphome01/uvm-1.1c/src/reg/uvm_reg_model.svh'.
Parsing included file '/remote/pviphome01/uvm-1.1c/src/reg/uvm_mem_mam.svh'.
Back to file '/remote/pviphome01/uvm-1.1c/src/reg/uvm_reg_model.svh'.
Parsing included file '/remote/pviphome01/uvm-1.1c/src/reg/uvm_vreg.svh'.
Back to file '/remote/pviphome01/uvm-1.1c/src/reg/uvm_reg_model.svh'.
Parsing included file '/remote/pviphome01/uvm-1.1c/src/reg/uvm_mem.svh'.
Back to file '/remote/pviphome01/uvm-1.1c/src/reg/uvm_reg_model.svh'.
Parsing included file '/remote/pviphome01/uvm-1.1c/src/reg/uvm_reg_map.svh'.
Back to file '/remote/pviphome01/uvm-1.1c/src/reg/uvm_reg_model.svh'.
Parsing included file '/remote/pviphome01/uvm-1.1c/src/reg/uvm_reg_block.svh'.
Back to file '/remote/pviphome01/uvm-1.1c/src/reg/uvm_reg_model.svh'.
Parsing included file '/remote/pviphome01/uvm-1.1c/src/reg/sequences/uvm_reg_hw_reset_seq.svh'.
Back to file '/remote/pviphome01/uvm-1.1c/src/reg/uvm_reg_model.svh'.
Parsing included file '/remote/pviphome01/uvm-1.1c/src/reg/sequences/uvm_reg_bit_bash_seq.svh'.
Back to file '/remote/pviphome01/uvm-1.1c/src/reg/uvm_reg_model.svh'.
Parsing included file '/remote/pviphome01/uvm-1.1c/src/reg/sequences/uvm_mem_walk_seq.svh'.
Back to file '/remote/pviphome01/uvm-1.1c/src/reg/uvm_reg_model.svh'.
Parsing included file '/remote/pviphome01/uvm-1.1c/src/reg/sequences/uvm_mem_access_seq.svh'.
Back to file '/remote/pviphome01/uvm-1.1c/src/reg/uvm_reg_model.svh'.
Parsing included file '/remote/pviphome01/uvm-1.1c/src/reg/sequences/uvm_reg_access_seq.svh'.
Back to file '/remote/pviphome01/uvm-1.1c/src/reg/uvm_reg_model.svh'.
Parsing included file '/remote/pviphome01/uvm-1.1c/src/reg/sequences/uvm_reg_mem_shared_access_seq.svh'.
Back to file '/remote/pviphome01/uvm-1.1c/src/reg/uvm_reg_model.svh'.
Parsing included file '/remote/pviphome01/uvm-1.1c/src/reg/sequences/uvm_reg_mem_built_in_seq.svh'.
Back to file '/remote/pviphome01/uvm-1.1c/src/reg/uvm_reg_model.svh'.
Parsing included file '/remote/pviphome01/uvm-1.1c/src/reg/sequences/uvm_reg_mem_hdl_paths_seq.svh'.
Back to file '/remote/pviphome01/uvm-1.1c/src/reg/uvm_reg_model.svh'.
Back to file '/remote/pviphome01/uvm-1.1c/src/uvm_pkg.sv'.
Parsing design file '../TOP/ahb_pkg.sv'
Parsing included file '../INF/ahb_apb_inf.sv'.
Back to file '../TOP/ahb_pkg.sv'.
Parsing included file '../INF/apb_inf.sv'.
Back to file '../TOP/ahb_pkg.sv'.
Parsing included file '/remote/pviphome01/uvm-1.1c/src/uvm_macros.svh'.
Back to file '../TOP/ahb_pkg.sv'.
Parsing included file '../ENV/ahb_config.sv'.
Back to file '../TOP/ahb_pkg.sv'.
Parsing included file '../ENV/ahb_trans.sv'.
Back to file '../TOP/ahb_pkg.sv'.
Parsing included file '../ENV/apb_trans.sv'.
Back to file '../TOP/ahb_pkg.sv'.
Parsing included file '../ENV/ahb_s_sqr.sv'.
Back to file '../TOP/ahb_pkg.sv'.
Parsing included file '../ENV/ahb_m_sqr.sv'.
Back to file '../TOP/ahb_pkg.sv'.
Parsing included file '../SQN/ahb_base_sqn.sv'.
Back to file '../TOP/ahb_pkg.sv'.
Parsing included file '../SQN/ahb_wr_rd_sqn.sv'.
Back to file '../TOP/ahb_pkg.sv'.
Parsing included file '../SQN/ahb_apb_single_sqn.sv'.
Back to file '../TOP/ahb_pkg.sv'.
Parsing included file '../SQN/ahb_apb_unb_incr_sqn.sv'.
Back to file '../TOP/ahb_pkg.sv'.
Parsing included file '../SQN/ahb_apb_incr_sqn.sv'.
Back to file '../TOP/ahb_pkg.sv'.
Parsing included file '../SQN/ahb_apb_wrap_sqn.sv'.
Back to file '../TOP/ahb_pkg.sv'.
Parsing included file '../ENV/ahb_m_drv.sv'.
Back to file '../TOP/ahb_pkg.sv'.
Parsing included file '../ENV/ahb_s_drv.sv'.
Back to file '../TOP/ahb_pkg.sv'.
Parsing included file '../ENV/ahb_s_mon.sv'.
Back to file '../TOP/ahb_pkg.sv'.
Parsing included file '../ENV/ahb_m_mon.sv'.
Back to file '../TOP/ahb_pkg.sv'.
Parsing included file '../ENV/ahb_m_age.sv'.
Back to file '../TOP/ahb_pkg.sv'.
Parsing included file '../ENV/ahb_s_age.sv'.
Back to file '../TOP/ahb_pkg.sv'.
Parsing included file '../ENV/ahb_env.sv'.
Back to file '../TOP/ahb_pkg.sv'.
Parsing included file '../TEST/ahb_base_test.sv'.
Back to file '../TOP/ahb_pkg.sv'.
Parsing included file '../TEST/ahb_senity_test.sv'.
Back to file '../TOP/ahb_pkg.sv'.
Parsing included file '../TEST/ahb_apb_single_test.sv'.
Back to file '../TOP/ahb_pkg.sv'.
Parsing included file '../TEST/ahb_apb_unb_incr_test.sv'.
Back to file '../TOP/ahb_pkg.sv'.
Parsing included file '../TEST/ahb_apb_incr_test.sv'.
Back to file '../TOP/ahb_pkg.sv'.
Parsing included file '../TEST/ahb_apb_wrap_test.sv'.
Back to file '../TOP/ahb_pkg.sv'.
Parsing design file '../TOP/top.sv'
Parsing included file '/remote/pviphome01/uvm-1.1c/src/uvm_macros.svh'.
Back to file '../TOP/top.sv'.
Parsing included file '../BRI/ahb_apb_bridge.v'.
Back to file '../TOP/top.sv'.
Parsing included file '../MEM/ahb_mem.sv'.
Back to file '../TOP/top.sv'.
Top Level Modules:
       ahb_top
No TimeScale specified

Warning-[TEIF] Task enabled inside a function
/remote/pviphome01/uvm-1.1c/src/tlm1/uvm_analysis_port.svh, 114
"ahb_pkg::\ahb_s_drv::write (this.m_imp, t);"
  Task 'ahb_s_drv::write' is enabled inside function 
  'uvm_analysis_imp#(ahb_pkg::apb_trans,ahb_pkg::ahb_s_drv)::write', it may 
  bring delays into the function.


Warning-[ENUMASSIGN] Illegal assignment to enum variable
../ENV/ahb_m_mon.sv, 103
ahb_pkg, "this.trans_h_ahb.brust = this.ahb_vinf.m_mon.HBURST;"
  Only expressions of the enum type can be assigned to an enum variable. 
  The type logic [2:0] is incompatible with the enum 'hbrust_kind'
  Expression: this.ahb_vinf.m_mon.HBURST
  Use the static cast operator to convert the expression to enum type.


Warning-[INTFDV] VCD dumping of interface/program/package
../TOP/top.sv, 94
  Selective VCD dumping of interface 'ahb_inf' is not supported.  Selective 
  VCD dumping for interfaces, packages and programs is not supported.
  Use full VCD dumping '$dumpvars(0)', or use VPD or FSDB dumping, recompile 
  with '-debug_access'.

Starting vcs inline pass...

8 modules and 0 UDP read.
recompiling package vcs_paramclassrepository
recompiling package uvm_pkg
recompiling module ahb_inf
recompiling module apb_inf
recompiling package ahb_pkg
recompiling module ahb_apb_top
recompiling module apb_mem_rtl
recompiling module ahb_top
All of 8 modules done
make[1]: Entering directory `/remote/pviphome01/nikul/AHB_2_APB_BRIDGE/RUN/csrc' \

rm -f _cuarc*.so _csrc*.so pre_vcsobj_*.so share_vcsobj_*.so
g++ -w  -pipe -m32 -DVCS -O -I/global/apps/vcs_2020.03/vcs/Q-2020.03/include    -c \
/remote/pviphome01/uvm-1.1c/src/dpi/uvm_dpi.cc
if [ -x ../simv ]; then chmod a-x ../simv; fi
g++  -o ../simv    -m32 -m32 -rdynamic  -Wl,-rpath='$ORIGIN'/simv.daidir -Wl,-rpath=./simv.daidir \
-Wl,-rpath=/global/apps/vcs_2020.03/vcs/Q-2020.03/linux/lib -L/global/apps/vcs_2020.03/vcs/Q-2020.03/linux/lib \
-Wl,-rpath-link=./  uvm_dpi.o   objs/amcQw_d.o   _31208_archive_1.so  SIM_l.o    \
rmapats_mop.o rmapats.o rmar.o rmar_nd.o  rmar_llvm_0_1.o rmar_llvm_0_0.o        \
-lvirsim -lerrorinf -lsnpsmalloc -lvfs /global/apps/verdi_2020.03/verdi/Q-2020.03/share/PLI/VCS/LINUX/pli.a \
-lvcsnew -lsimprofile -luclinative /global/apps/vcs_2020.03/vcs/Q-2020.03/linux/lib/vcs_tls.o \
-Wl,-whole-archive -lvcsucli -Wl,-no-whole-archive       ./../simv.daidir/vc_hdrs.o \
_vcs_pli_stub_.o   /global/apps/vcs_2020.03/vcs/Q-2020.03/linux/lib/vcs_save_restore_new.o \
/global/apps/verdi_2020.03/verdi/Q-2020.03/share/PLI/VCS/LINUX/pli.a /global/apps/vcs_2020.03/vcs/Q-2020.03/linux/lib/ctype-stubs_32.a \
-ldl -lm  -lc -lpthread -ldl 
../simv up to date
make[1]: Leaving directory `/remote/pviphome01/nikul/AHB_2_APB_BRIDGE/RUN/csrc'
CPU time: 8.045 seconds to compile + .531 seconds to elab + .836 seconds to link
